<?xml version="1.0" encoding="UTF-8"?>
<!-- Generated by org.testng.reporters.JUnitReportReporter -->
<testsuite hostname="ALG4205" failures="0" tests="1" name="AlcumusQa.SccClientTest" time="33.125" errors="0" timestamp="31 Mar 2024 16:40:17 GMT" skipped="0">
  <testcase classname="AlcumusQa.SccClientTest" name="SccClientSalesProcess" time="33.125"/>
</testsuite> <!-- AlcumusQa.SccClientTest -->
