<?xml version="1.0" encoding="UTF-8"?>
<!-- Generated by org.testng.reporters.JUnitReportReporter -->
<testsuite hostname="ALG4205" failures="0" tests="1" name="AlcumusQa.SccClientTest" time="32.228" errors="0" timestamp="31 Mar 2024 16:52:57 GMT" skipped="0">
  <testcase classname="AlcumusQa.SccClientTest" name="SccClientSalesProcess" time="32.228"/>
</testsuite> <!-- AlcumusQa.SccClientTest -->
