<?xml version="1.0" encoding="UTF-8"?>
<!-- Generated by org.testng.reporters.JUnitReportReporter -->
<testsuite hostname="ALG4205" failures="0" tests="1" name="AlcumusQa.SccClientTest" time="36.673" errors="0" timestamp="02 Apr 2024 14:29:07 GMT" skipped="0">
  <testcase classname="AlcumusQa.SccClientTest" name="SccClientSalesProcess" time="36.673"/>
</testsuite> <!-- AlcumusQa.SccClientTest -->
