<?xml version="1.0" encoding="UTF-8"?>
<!-- Generated by org.testng.reporters.JUnitReportReporter -->
<testsuite hostname="ALG4205" failures="0" tests="1" name="AlcumusQa.SafeContractorTest" time="32.503" errors="0" timestamp="02 Apr 2024 15:03:17 GMT" skipped="0">
  <testcase classname="AlcumusQa.SafeContractorTest" name="safeContractorSalesProcess" time="32.503"/>
</testsuite> <!-- AlcumusQa.SafeContractorTest -->
