<?xml version="1.0" encoding="UTF-8"?>
<!-- Generated by org.testng.reporters.JUnitReportReporter -->
<testsuite hostname="ALG4205" failures="0" tests="1" name="AlcumusQa.SafeContractorTest" time="33.956" errors="0" timestamp="02 Apr 2024 16:01:07 GMT" skipped="0">
  <testcase classname="AlcumusQa.SafeContractorTest" name="safeContractorSalesProcess" time="33.956"/>
</testsuite> <!-- AlcumusQa.SafeContractorTest -->
